<?xml version="1.0" encoding="UTF-8"?>
<!-- Generated by org.testng.reporters.JUnitReportReporter -->
<testsuite hostname="Rashmi" failures="0" tests="3" name="com.qa.hubspot.tests.HomePageTest" time="120.940" errors="0" timestamp="14 Nov 2018 06:19:01 GMT" skipped="0">
  <testcase classname="com.qa.hubspot.tests.HomePageTest" name="verifyHomePageTitleTest" time="36.559"/>
  <testcase classname="com.qa.hubspot.tests.HomePageTest" name="verifyHomePageHeader" time="47.798"/>
  <testcase classname="com.qa.hubspot.tests.HomePageTest" name="verifyCorrectLoggedInAccountNameTest" time="36.583"/>
</testsuite> <!-- com.qa.hubspot.tests.HomePageTest -->
