<?xml version="1.0" encoding="UTF-8"?>
<!-- Generated by org.testng.reporters.JUnitReportReporter -->
<testsuite hostname="Rashmi" failures="0" tests="4" name="com.qa.hubspot.tests.LoginTest" time="91.283" errors="0" timestamp="14 Nov 2018 06:19:01 GMT" skipped="0">
  <testcase classname="com.qa.hubspot.tests.LoginTest" name="verifyLogibPageTitleTest" time="23.224"/>
  <testcase classname="com.qa.hubspot.tests.LoginTest" name="verifyForgotPasswordLinkTest" time="28.470"/>
  <testcase classname="com.qa.hubspot.tests.LoginTest" name="loginTest" time="21.167"/>
  <testcase classname="com.qa.hubspot.tests.LoginTest" name="verifySignUpLinkTest" time="18.422"/>
</testsuite> <!-- com.qa.hubspot.tests.LoginTest -->
