<?xml version="1.0" encoding="UTF-8"?>
<!-- Generated by org.testng.reporters.JUnitReportReporter -->
<testsuite hostname="Rashmi" failures="0" tests="1" name="com.qa.hubspot.pages.ContactsPage" time="0.014" errors="0" timestamp="13 Nov 2018 00:11:03 GMT" skipped="0">
  <testcase classname="com.qa.hubspot.pages.ContactsPage" name="a" time="0.014"/>
</testsuite> <!-- com.qa.hubspot.pages.ContactsPage -->
