<?xml version="1.0" encoding="UTF-8"?>
<!-- Generated by org.testng.reporters.JUnitReportReporter -->
<testsuite hostname="Rashmi" failures="0" tests="1" name="Test1" time="0.016" errors="0" timestamp="13 Nov 2018 06:15:45 GMT" skipped="0">
  <testcase classname="Test1" name="test12" time="0.016"/>
</testsuite> <!-- Test1 -->
